<?xml version="1.0" encoding="UTF-8"?>
<!-- Generated by org.testng.reporters.JUnitReportReporter -->
<testsuite hostname="ENV-BOM-038" name="com.seleniumTest.newoneviewLoginTest" tests="1" failures="0" timestamp="13 May 2016 12:01:19 GMT" time="7.786" errors="0">
  <testcase name="oneviewLoginTest" time="7.786" classname="com.seleniumTest.newoneviewLoginTest"/>
</testsuite> <!-- com.seleniumTest.newoneviewLoginTest -->
